gomovie_demo_push/app/build/intermediates/manifest_merge_blame_file/debug/manifest-merger-blame-debug-report.txt
1<?xml version="1.0" encoding="utf-8"?>
2<manifest xmlns:android="http://schemas.android.com/apk/res/android"
3    package="im.zego.gomovie.server"
4    android:versionCode="1"
5    android:versionName="1.0" >
6
7    <uses-sdk
8        android:minSdkVersion="21"
8-->src/main/AndroidManifest.xml
9        android:targetSdkVersion="30" />
9-->src/main/AndroidManifest.xml
10
11    <!-- RTC SDK 必须使用的权限 -->
12    <uses-permission android:name="android.permission.ACCESS_WIFI_STATE" />
12-->src/main/AndroidManifest.xml:6:5-76
12-->src/main/AndroidManifest.xml:6:22-73
13    <uses-permission android:name="android.permission.RECORD_AUDIO" />
13-->src/main/AndroidManifest.xml:7:5-71
13-->src/main/AndroidManifest.xml:7:22-68
14    <uses-permission android:name="android.permission.CAMERA" />
14-->src/main/AndroidManifest.xml:8:5-65
14-->src/main/AndroidManifest.xml:8:22-62
15    <uses-permission android:name="android.permission.INTERNET" />
15-->src/main/AndroidManifest.xml:9:5-67
15-->src/main/AndroidManifest.xml:9:22-64
16    <uses-permission android:name="android.permission.ACCESS_NETWORK_STATE" />
16-->src/main/AndroidManifest.xml:10:5-79
16-->src/main/AndroidManifest.xml:10:22-76
17    <uses-permission android:name="android.permission.BLUETOOTH" />
17-->src/main/AndroidManifest.xml:11:5-68
17-->src/main/AndroidManifest.xml:11:22-65
18    <uses-permission android:name="android.permission.MODIFY_AUDIO_SETTINGS" />
18-->src/main/AndroidManifest.xml:12:5-80
18-->src/main/AndroidManifest.xml:12:22-77
19    <uses-permission android:name="android.permission.WRITE_EXTERNAL_STORAGE" />
19-->src/main/AndroidManifest.xml:13:5-81
19-->src/main/AndroidManifest.xml:13:22-78
20
21    <application
21-->src/main/AndroidManifest.xml:15:5-37:19
22        android:allowBackup="true"
22-->src/main/AndroidManifest.xml:16:9-35
23        android:appComponentFactory="androidx.core.app.CoreComponentFactory"
23-->[androidx.core:core:1.5.0] AndroidManifest.xml:24:18-86
24        android:debuggable="true"
25        android:icon="@mipmap/ic_launcher"
25-->src/main/AndroidManifest.xml:17:9-43
26        android:label="@string/app_name"
26-->src/main/AndroidManifest.xml:18:9-41
27        android:roundIcon="@mipmap/ic_launcher_round"
27-->src/main/AndroidManifest.xml:19:9-54
28        android:supportsRtl="true"
28-->src/main/AndroidManifest.xml:20:9-35
29        android:theme="@style/Theme.AppCompat.Light.NoActionBar" >
29-->src/main/AndroidManifest.xml:21:9-65
30        <activity
30-->src/main/AndroidManifest.xml:22:9-31:20
31            android:name="im.zego.gomovie.server.MainActivity"
31-->src/main/AndroidManifest.xml:23:13-63
32            android:screenOrientation="portrait"
32-->src/main/AndroidManifest.xml:24:13-49
33            android:windowSoftInputMode="adjustPan" >
33-->src/main/AndroidManifest.xml:25:13-52
34            <intent-filter>
34-->src/main/AndroidManifest.xml:26:13-30:29
35                <action android:name="android.intent.action.MAIN" />
35-->src/main/AndroidManifest.xml:27:17-69
35-->src/main/AndroidManifest.xml:27:25-66
36
37                <category android:name="android.intent.category.LAUNCHER" />
37-->src/main/AndroidManifest.xml:29:17-77
37-->src/main/AndroidManifest.xml:29:27-74
38            </intent-filter>
39        </activity>
40        <activity
40-->src/main/AndroidManifest.xml:33:9-35:52
41            android:name="im.zego.gomovie.server.movieroom.MovieRoomActivity"
41-->src/main/AndroidManifest.xml:34:13-78
42            android:screenOrientation="portrait" />
42-->src/main/AndroidManifest.xml:35:13-49
43    </application>
44
45</manifest>